<?xml version="1.0" encoding="UTF-8"?>
<testsuite xmlns:xsi="http://www.w3.org/2001/XMLSchema-instance" xsi:noNamespaceSchemaLocation="https://maven.apache.org/surefire/maven-surefire-plugin/xsd/surefire-test-report.xsd" name="com.instahipsta.webappTest.service.UserServiceTest" time="2.037" tests="30" errors="2" skipped="0" failures="1">
  <properties>
    <property name="sun.desktop" value="windows"/>
    <property name="awt.toolkit" value="sun.awt.windows.WToolkit"/>
    <property name="file.encoding.pkg" value="sun.io"/>
    <property name="java.specification.version" value="1.8"/>
    <property name="sun.cpu.isalist" value="amd64"/>
    <property name="sun.jnu.encoding" value="Cp1251"/>
    <property name="java.class.path" value="D:\Users\user\IdeaProjects\WebappTest\target\test-classes;D:\Users\user\IdeaProjects\WebappTest\target\classes;d:\Users\user\.m2\repository\com\fasterxml\jackson\datatype\jackson-datatype-jsr310\2.9.9\jackson-datatype-jsr310-2.9.9.jar;d:\Users\user\.m2\repository\org\springframework\boot\spring-boot-starter-web\2.1.6.RELEASE\spring-boot-starter-web-2.1.6.RELEASE.jar;d:\Users\user\.m2\repository\org\springframework\boot\spring-boot-starter\2.1.6.RELEASE\spring-boot-starter-2.1.6.RELEASE.jar;d:\Users\user\.m2\repository\org\springframework\boot\spring-boot-starter-logging\2.1.6.RELEASE\spring-boot-starter-logging-2.1.6.RELEASE.jar;d:\Users\user\.m2\repository\ch\qos\logback\logback-classic\1.2.3\logback-classic-1.2.3.jar;d:\Users\user\.m2\repository\ch\qos\logback\logback-core\1.2.3\logback-core-1.2.3.jar;d:\Users\user\.m2\repository\org\apache\logging\log4j\log4j-to-slf4j\2.11.2\log4j-to-slf4j-2.11.2.jar;d:\Users\user\.m2\repository\org\apache\logging\log4j\log4j-api\2.11.2\log4j-api-2.11.2.jar;d:\Users\user\.m2\repository\org\slf4j\jul-to-slf4j\1.7.26\jul-to-slf4j-1.7.26.jar;d:\Users\user\.m2\repository\javax\annotation\javax.annotation-api\1.3.2\javax.annotation-api-1.3.2.jar;d:\Users\user\.m2\repository\org\yaml\snakeyaml\1.23\snakeyaml-1.23.jar;d:\Users\user\.m2\repository\org\springframework\boot\spring-boot-starter-json\2.1.6.RELEASE\spring-boot-starter-json-2.1.6.RELEASE.jar;d:\Users\user\.m2\repository\com\fasterxml\jackson\datatype\jackson-datatype-jdk8\2.9.9\jackson-datatype-jdk8-2.9.9.jar;d:\Users\user\.m2\repository\com\fasterxml\jackson\module\jackson-module-parameter-names\2.9.9\jackson-module-parameter-names-2.9.9.jar;d:\Users\user\.m2\repository\org\springframework\boot\spring-boot-starter-tomcat\2.1.6.RELEASE\spring-boot-starter-tomcat-2.1.6.RELEASE.jar;d:\Users\user\.m2\repository\org\apache\tomcat\embed\tomcat-embed-core\9.0.21\tomcat-embed-core-9.0.21.jar;d:\Users\user\.m2\repository\org\apache\tomcat\embed\tomcat-embed-el\9.0.21\tomcat-embed-el-9.0.21.jar;d:\Users\user\.m2\repository\org\apache\tomcat\embed\tomcat-embed-websocket\9.0.21\tomcat-embed-websocket-9.0.21.jar;d:\Users\user\.m2\repository\org\hibernate\validator\hibernate-validator\6.0.17.Final\hibernate-validator-6.0.17.Final.jar;d:\Users\user\.m2\repository\javax\validation\validation-api\2.0.1.Final\validation-api-2.0.1.Final.jar;d:\Users\user\.m2\repository\org\jboss\logging\jboss-logging\3.3.2.Final\jboss-logging-3.3.2.Final.jar;d:\Users\user\.m2\repository\com\fasterxml\classmate\1.4.0\classmate-1.4.0.jar;d:\Users\user\.m2\repository\org\springframework\spring-web\5.1.8.RELEASE\spring-web-5.1.8.RELEASE.jar;d:\Users\user\.m2\repository\org\springframework\spring-beans\5.1.8.RELEASE\spring-beans-5.1.8.RELEASE.jar;d:\Users\user\.m2\repository\org\springframework\spring-webmvc\5.1.8.RELEASE\spring-webmvc-5.1.8.RELEASE.jar;d:\Users\user\.m2\repository\org\springframework\spring-expression\5.1.8.RELEASE\spring-expression-5.1.8.RELEASE.jar;d:\Users\user\.m2\repository\org\springframework\boot\spring-boot-starter-freemarker\2.1.6.RELEASE\spring-boot-starter-freemarker-2.1.6.RELEASE.jar;d:\Users\user\.m2\repository\org\freemarker\freemarker\2.3.28\freemarker-2.3.28.jar;d:\Users\user\.m2\repository\org\springframework\spring-context-support\5.1.8.RELEASE\spring-context-support-5.1.8.RELEASE.jar;d:\Users\user\.m2\repository\org\springframework\boot\spring-boot-starter-mail\2.1.6.RELEASE\spring-boot-starter-mail-2.1.6.RELEASE.jar;d:\Users\user\.m2\repository\com\sun\mail\javax.mail\1.6.2\javax.mail-1.6.2.jar;d:\Users\user\.m2\repository\javax\activation\activation\1.1\activation-1.1.jar;d:\Users\user\.m2\repository\org\springframework\boot\spring-boot-devtools\2.1.6.RELEASE\spring-boot-devtools-2.1.6.RELEASE.jar;d:\Users\user\.m2\repository\org\springframework\boot\spring-boot\2.1.6.RELEASE\spring-boot-2.1.6.RELEASE.jar;d:\Users\user\.m2\repository\org\springframework\boot\spring-boot-autoconfigure\2.1.6.RELEASE\spring-boot-autoconfigure-2.1.6.RELEASE.jar;d:\Users\user\.m2\repository\org\springframework\boot\spring-boot-starter-data-jpa\2.1.6.RELEASE\spring-boot-starter-data-jpa-2.1.6.RELEASE.jar;d:\Users\user\.m2\repository\org\springframework\boot\spring-boot-starter-aop\2.1.6.RELEASE\spring-boot-starter-aop-2.1.6.RELEASE.jar;d:\Users\user\.m2\repository\org\aspectj\aspectjweaver\1.9.4\aspectjweaver-1.9.4.jar;d:\Users\user\.m2\repository\org\springframework\boot\spring-boot-starter-jdbc\2.1.6.RELEASE\spring-boot-starter-jdbc-2.1.6.RELEASE.jar;d:\Users\user\.m2\repository\com\zaxxer\HikariCP\3.2.0\HikariCP-3.2.0.jar;d:\Users\user\.m2\repository\javax\transaction\javax.transaction-api\1.3\javax.transaction-api-1.3.jar;d:\Users\user\.m2\repository\org\hibernate\hibernate-core\5.3.10.Final\hibernate-core-5.3.10.Final.jar;d:\Users\user\.m2\repository\javax\persistence\javax.persistence-api\2.2\javax.persistence-api-2.2.jar;d:\Users\user\.m2\repository\org\javassist\javassist\3.23.2-GA\javassist-3.23.2-GA.jar;d:\Users\user\.m2\repository\net\bytebuddy\byte-buddy\1.9.13\byte-buddy-1.9.13.jar;d:\Users\user\.m2\repository\antlr\antlr\2.7.7\antlr-2.7.7.jar;d:\Users\user\.m2\repository\org\jboss\jandex\2.0.5.Final\jandex-2.0.5.Final.jar;d:\Users\user\.m2\repository\javax\activation\javax.activation-api\1.2.0\javax.activation-api-1.2.0.jar;d:\Users\user\.m2\repository\org\dom4j\dom4j\2.1.1\dom4j-2.1.1.jar;d:\Users\user\.m2\repository\org\hibernate\common\hibernate-commons-annotations\5.0.4.Final\hibernate-commons-annotations-5.0.4.Final.jar;d:\Users\user\.m2\repository\org\springframework\data\spring-data-jpa\2.1.9.RELEASE\spring-data-jpa-2.1.9.RELEASE.jar;d:\Users\user\.m2\repository\org\springframework\data\spring-data-commons\2.1.9.RELEASE\spring-data-commons-2.1.9.RELEASE.jar;d:\Users\user\.m2\repository\org\springframework\spring-orm\5.1.8.RELEASE\spring-orm-5.1.8.RELEASE.jar;d:\Users\user\.m2\repository\org\slf4j\slf4j-api\1.7.26\slf4j-api-1.7.26.jar;d:\Users\user\.m2\repository\org\springframework\spring-aspects\5.1.8.RELEASE\spring-aspects-5.1.8.RELEASE.jar;d:\Users\user\.m2\repository\org\postgresql\postgresql\42.1.4\postgresql-42.1.4.jar;d:\Users\user\.m2\repository\org\springframework\boot\spring-boot-starter-security\2.1.6.RELEASE\spring-boot-starter-security-2.1.6.RELEASE.jar;d:\Users\user\.m2\repository\org\springframework\spring-aop\5.1.8.RELEASE\spring-aop-5.1.8.RELEASE.jar;d:\Users\user\.m2\repository\org\springframework\security\spring-security-config\5.1.5.RELEASE\spring-security-config-5.1.5.RELEASE.jar;d:\Users\user\.m2\repository\org\springframework\security\spring-security-web\5.1.5.RELEASE\spring-security-web-5.1.5.RELEASE.jar;d:\Users\user\.m2\repository\org\springframework\boot\spring-boot-starter-test\2.1.6.RELEASE\spring-boot-starter-test-2.1.6.RELEASE.jar;d:\Users\user\.m2\repository\org\springframework\boot\spring-boot-test\2.1.6.RELEASE\spring-boot-test-2.1.6.RELEASE.jar;d:\Users\user\.m2\repository\org\springframework\boot\spring-boot-test-autoconfigure\2.1.6.RELEASE\spring-boot-test-autoconfigure-2.1.6.RELEASE.jar;d:\Users\user\.m2\repository\com\jayway\jsonpath\json-path\2.4.0\json-path-2.4.0.jar;d:\Users\user\.m2\repository\net\minidev\json-smart\2.3\json-smart-2.3.jar;d:\Users\user\.m2\repository\net\minidev\accessors-smart\1.2\accessors-smart-1.2.jar;d:\Users\user\.m2\repository\org\ow2\asm\asm\5.0.4\asm-5.0.4.jar;d:\Users\user\.m2\repository\junit\junit\4.12\junit-4.12.jar;d:\Users\user\.m2\repository\org\assertj\assertj-core\3.11.1\assertj-core-3.11.1.jar;d:\Users\user\.m2\repository\org\mockito\mockito-core\2.23.4\mockito-core-2.23.4.jar;d:\Users\user\.m2\repository\net\bytebuddy\byte-buddy-agent\1.9.13\byte-buddy-agent-1.9.13.jar;d:\Users\user\.m2\repository\org\objenesis\objenesis\2.6\objenesis-2.6.jar;d:\Users\user\.m2\repository\org\hamcrest\hamcrest-core\1.3\hamcrest-core-1.3.jar;d:\Users\user\.m2\repository\org\hamcrest\hamcrest-library\1.3\hamcrest-library-1.3.jar;d:\Users\user\.m2\repository\org\skyscreamer\jsonassert\1.5.0\jsonassert-1.5.0.jar;d:\Users\user\.m2\repository\com\vaadin\external\google\android-json\0.0.20131108.vaadin1\android-json-0.0.20131108.vaadin1.jar;d:\Users\user\.m2\repository\org\springframework\spring-core\5.1.8.RELEASE\spring-core-5.1.8.RELEASE.jar;d:\Users\user\.m2\repository\org\springframework\spring-jcl\5.1.8.RELEASE\spring-jcl-5.1.8.RELEASE.jar;d:\Users\user\.m2\repository\org\springframework\spring-test\5.1.8.RELEASE\spring-test-5.1.8.RELEASE.jar;d:\Users\user\.m2\repository\org\xmlunit\xmlunit-core\2.6.2\xmlunit-core-2.6.2.jar;d:\Users\user\.m2\repository\org\springframework\security\spring-security-test\5.1.5.RELEASE\spring-security-test-5.1.5.RELEASE.jar;d:\Users\user\.m2\repository\org\springframework\security\spring-security-core\5.1.5.RELEASE\spring-security-core-5.1.5.RELEASE.jar;d:\Users\user\.m2\repository\org\flywaydb\flyway-core\5.2.4\flyway-core-5.2.4.jar;d:\Users\user\.m2\repository\org\springframework\session\spring-session-jdbc\2.1.7.RELEASE\spring-session-jdbc-2.1.7.RELEASE.jar;d:\Users\user\.m2\repository\org\springframework\session\spring-session-core\2.1.7.RELEASE\spring-session-core-2.1.7.RELEASE.jar;d:\Users\user\.m2\repository\org\springframework\spring-context\5.1.8.RELEASE\spring-context-5.1.8.RELEASE.jar;d:\Users\user\.m2\repository\org\springframework\spring-jdbc\5.1.8.RELEASE\spring-jdbc-5.1.8.RELEASE.jar;d:\Users\user\.m2\repository\javax\xml\bind\jaxb-api\2.3.0\jaxb-api-2.3.0.jar;d:\Users\user\.m2\repository\com\sun\xml\bind\jaxb-core\2.3.0\jaxb-core-2.3.0.jar;d:\Users\user\.m2\repository\com\sun\xml\bind\jaxb-impl\2.3.0\jaxb-impl-2.3.0.jar;d:\Users\user\.m2\repository\com\google\guava\guava\28.1-jre\guava-28.1-jre.jar;d:\Users\user\.m2\repository\com\google\guava\failureaccess\1.0.1\failureaccess-1.0.1.jar;d:\Users\user\.m2\repository\com\google\guava\listenablefuture\9999.0-empty-to-avoid-conflict-with-guava\listenablefuture-9999.0-empty-to-avoid-conflict-with-guava.jar;d:\Users\user\.m2\repository\com\google\code\findbugs\jsr305\3.0.2\jsr305-3.0.2.jar;d:\Users\user\.m2\repository\org\checkerframework\checker-qual\2.8.1\checker-qual-2.8.1.jar;d:\Users\user\.m2\repository\com\google\errorprone\error_prone_annotations\2.3.2\error_prone_annotations-2.3.2.jar;d:\Users\user\.m2\repository\com\google\j2objc\j2objc-annotations\1.3\j2objc-annotations-1.3.jar;d:\Users\user\.m2\repository\org\codehaus\mojo\animal-sniffer-annotations\1.18\animal-sniffer-annotations-1.18.jar;d:\Users\user\.m2\repository\org\springframework\amqp\spring-rabbit\2.1.6.RELEASE\spring-rabbit-2.1.6.RELEASE.jar;d:\Users\user\.m2\repository\org\springframework\amqp\spring-amqp\2.1.7.RELEASE\spring-amqp-2.1.7.RELEASE.jar;d:\Users\user\.m2\repository\org\springframework\retry\spring-retry\1.2.4.RELEASE\spring-retry-1.2.4.RELEASE.jar;d:\Users\user\.m2\repository\com\rabbitmq\amqp-client\5.4.3\amqp-client-5.4.3.jar;d:\Users\user\.m2\repository\org\springframework\spring-messaging\5.1.8.RELEASE\spring-messaging-5.1.8.RELEASE.jar;d:\Users\user\.m2\repository\org\springframework\spring-tx\5.1.8.RELEASE\spring-tx-5.1.8.RELEASE.jar;d:\Users\user\.m2\repository\log4j\log4j\1.2.17\log4j-1.2.17.jar;d:\Users\user\.m2\repository\com\fasterxml\jackson\core\jackson-databind\2.9.4\jackson-databind-2.9.4.jar;d:\Users\user\.m2\repository\com\fasterxml\jackson\core\jackson-core\2.9.4\jackson-core-2.9.4.jar;d:\Users\user\.m2\repository\com\fasterxml\jackson\core\jackson-annotations\2.9.4\jackson-annotations-2.9.4.jar;"/>
    <property name="java.vm.vendor" value="Oracle Corporation"/>
    <property name="sun.arch.data.model" value="64"/>
    <property name="user.variant" value=""/>
    <property name="java.vendor.url" value="http://java.oracle.com/"/>
    <property name="user.timezone" value="Europe/Moscow"/>
    <property name="java.vm.specification.version" value="1.8"/>
    <property name="os.name" value="Windows 10"/>
    <property name="user.country" value="RU"/>
    <property name="sun.java.launcher" value="SUN_STANDARD"/>
    <property name="sun.boot.library.path" value="C:\Program Files\Java\jdk1.8.0_201\jre\bin"/>
    <property name="sun.java.command" value="d:\Users\user\AppData\Local\Temp\surefire6328534866856246013\surefirebooter6495858618256245549.jar D:\Users\user\AppData\Local\Temp\surefire6328534866856246013 2019-11-22T22-58-02_146-jvmRun1 surefire4717389087161764028tmp surefire_04357389931598154306tmp"/>
    <property name="surefire.test.class.path" value="D:\Users\user\IdeaProjects\WebappTest\target\test-classes;D:\Users\user\IdeaProjects\WebappTest\target\classes;d:\Users\user\.m2\repository\com\fasterxml\jackson\datatype\jackson-datatype-jsr310\2.9.9\jackson-datatype-jsr310-2.9.9.jar;d:\Users\user\.m2\repository\org\springframework\boot\spring-boot-starter-web\2.1.6.RELEASE\spring-boot-starter-web-2.1.6.RELEASE.jar;d:\Users\user\.m2\repository\org\springframework\boot\spring-boot-starter\2.1.6.RELEASE\spring-boot-starter-2.1.6.RELEASE.jar;d:\Users\user\.m2\repository\org\springframework\boot\spring-boot-starter-logging\2.1.6.RELEASE\spring-boot-starter-logging-2.1.6.RELEASE.jar;d:\Users\user\.m2\repository\ch\qos\logback\logback-classic\1.2.3\logback-classic-1.2.3.jar;d:\Users\user\.m2\repository\ch\qos\logback\logback-core\1.2.3\logback-core-1.2.3.jar;d:\Users\user\.m2\repository\org\apache\logging\log4j\log4j-to-slf4j\2.11.2\log4j-to-slf4j-2.11.2.jar;d:\Users\user\.m2\repository\org\apache\logging\log4j\log4j-api\2.11.2\log4j-api-2.11.2.jar;d:\Users\user\.m2\repository\org\slf4j\jul-to-slf4j\1.7.26\jul-to-slf4j-1.7.26.jar;d:\Users\user\.m2\repository\javax\annotation\javax.annotation-api\1.3.2\javax.annotation-api-1.3.2.jar;d:\Users\user\.m2\repository\org\yaml\snakeyaml\1.23\snakeyaml-1.23.jar;d:\Users\user\.m2\repository\org\springframework\boot\spring-boot-starter-json\2.1.6.RELEASE\spring-boot-starter-json-2.1.6.RELEASE.jar;d:\Users\user\.m2\repository\com\fasterxml\jackson\datatype\jackson-datatype-jdk8\2.9.9\jackson-datatype-jdk8-2.9.9.jar;d:\Users\user\.m2\repository\com\fasterxml\jackson\module\jackson-module-parameter-names\2.9.9\jackson-module-parameter-names-2.9.9.jar;d:\Users\user\.m2\repository\org\springframework\boot\spring-boot-starter-tomcat\2.1.6.RELEASE\spring-boot-starter-tomcat-2.1.6.RELEASE.jar;d:\Users\user\.m2\repository\org\apache\tomcat\embed\tomcat-embed-core\9.0.21\tomcat-embed-core-9.0.21.jar;d:\Users\user\.m2\repository\org\apache\tomcat\embed\tomcat-embed-el\9.0.21\tomcat-embed-el-9.0.21.jar;d:\Users\user\.m2\repository\org\apache\tomcat\embed\tomcat-embed-websocket\9.0.21\tomcat-embed-websocket-9.0.21.jar;d:\Users\user\.m2\repository\org\hibernate\validator\hibernate-validator\6.0.17.Final\hibernate-validator-6.0.17.Final.jar;d:\Users\user\.m2\repository\javax\validation\validation-api\2.0.1.Final\validation-api-2.0.1.Final.jar;d:\Users\user\.m2\repository\org\jboss\logging\jboss-logging\3.3.2.Final\jboss-logging-3.3.2.Final.jar;d:\Users\user\.m2\repository\com\fasterxml\classmate\1.4.0\classmate-1.4.0.jar;d:\Users\user\.m2\repository\org\springframework\spring-web\5.1.8.RELEASE\spring-web-5.1.8.RELEASE.jar;d:\Users\user\.m2\repository\org\springframework\spring-beans\5.1.8.RELEASE\spring-beans-5.1.8.RELEASE.jar;d:\Users\user\.m2\repository\org\springframework\spring-webmvc\5.1.8.RELEASE\spring-webmvc-5.1.8.RELEASE.jar;d:\Users\user\.m2\repository\org\springframework\spring-expression\5.1.8.RELEASE\spring-expression-5.1.8.RELEASE.jar;d:\Users\user\.m2\repository\org\springframework\boot\spring-boot-starter-freemarker\2.1.6.RELEASE\spring-boot-starter-freemarker-2.1.6.RELEASE.jar;d:\Users\user\.m2\repository\org\freemarker\freemarker\2.3.28\freemarker-2.3.28.jar;d:\Users\user\.m2\repository\org\springframework\spring-context-support\5.1.8.RELEASE\spring-context-support-5.1.8.RELEASE.jar;d:\Users\user\.m2\repository\org\springframework\boot\spring-boot-starter-mail\2.1.6.RELEASE\spring-boot-starter-mail-2.1.6.RELEASE.jar;d:\Users\user\.m2\repository\com\sun\mail\javax.mail\1.6.2\javax.mail-1.6.2.jar;d:\Users\user\.m2\repository\javax\activation\activation\1.1\activation-1.1.jar;d:\Users\user\.m2\repository\org\springframework\boot\spring-boot-devtools\2.1.6.RELEASE\spring-boot-devtools-2.1.6.RELEASE.jar;d:\Users\user\.m2\repository\org\springframework\boot\spring-boot\2.1.6.RELEASE\spring-boot-2.1.6.RELEASE.jar;d:\Users\user\.m2\repository\org\springframework\boot\spring-boot-autoconfigure\2.1.6.RELEASE\spring-boot-autoconfigure-2.1.6.RELEASE.jar;d:\Users\user\.m2\repository\org\springframework\boot\spring-boot-starter-data-jpa\2.1.6.RELEASE\spring-boot-starter-data-jpa-2.1.6.RELEASE.jar;d:\Users\user\.m2\repository\org\springframework\boot\spring-boot-starter-aop\2.1.6.RELEASE\spring-boot-starter-aop-2.1.6.RELEASE.jar;d:\Users\user\.m2\repository\org\aspectj\aspectjweaver\1.9.4\aspectjweaver-1.9.4.jar;d:\Users\user\.m2\repository\org\springframework\boot\spring-boot-starter-jdbc\2.1.6.RELEASE\spring-boot-starter-jdbc-2.1.6.RELEASE.jar;d:\Users\user\.m2\repository\com\zaxxer\HikariCP\3.2.0\HikariCP-3.2.0.jar;d:\Users\user\.m2\repository\javax\transaction\javax.transaction-api\1.3\javax.transaction-api-1.3.jar;d:\Users\user\.m2\repository\org\hibernate\hibernate-core\5.3.10.Final\hibernate-core-5.3.10.Final.jar;d:\Users\user\.m2\repository\javax\persistence\javax.persistence-api\2.2\javax.persistence-api-2.2.jar;d:\Users\user\.m2\repository\org\javassist\javassist\3.23.2-GA\javassist-3.23.2-GA.jar;d:\Users\user\.m2\repository\net\bytebuddy\byte-buddy\1.9.13\byte-buddy-1.9.13.jar;d:\Users\user\.m2\repository\antlr\antlr\2.7.7\antlr-2.7.7.jar;d:\Users\user\.m2\repository\org\jboss\jandex\2.0.5.Final\jandex-2.0.5.Final.jar;d:\Users\user\.m2\repository\javax\activation\javax.activation-api\1.2.0\javax.activation-api-1.2.0.jar;d:\Users\user\.m2\repository\org\dom4j\dom4j\2.1.1\dom4j-2.1.1.jar;d:\Users\user\.m2\repository\org\hibernate\common\hibernate-commons-annotations\5.0.4.Final\hibernate-commons-annotations-5.0.4.Final.jar;d:\Users\user\.m2\repository\org\springframework\data\spring-data-jpa\2.1.9.RELEASE\spring-data-jpa-2.1.9.RELEASE.jar;d:\Users\user\.m2\repository\org\springframework\data\spring-data-commons\2.1.9.RELEASE\spring-data-commons-2.1.9.RELEASE.jar;d:\Users\user\.m2\repository\org\springframework\spring-orm\5.1.8.RELEASE\spring-orm-5.1.8.RELEASE.jar;d:\Users\user\.m2\repository\org\slf4j\slf4j-api\1.7.26\slf4j-api-1.7.26.jar;d:\Users\user\.m2\repository\org\springframework\spring-aspects\5.1.8.RELEASE\spring-aspects-5.1.8.RELEASE.jar;d:\Users\user\.m2\repository\org\postgresql\postgresql\42.1.4\postgresql-42.1.4.jar;d:\Users\user\.m2\repository\org\springframework\boot\spring-boot-starter-security\2.1.6.RELEASE\spring-boot-starter-security-2.1.6.RELEASE.jar;d:\Users\user\.m2\repository\org\springframework\spring-aop\5.1.8.RELEASE\spring-aop-5.1.8.RELEASE.jar;d:\Users\user\.m2\repository\org\springframework\security\spring-security-config\5.1.5.RELEASE\spring-security-config-5.1.5.RELEASE.jar;d:\Users\user\.m2\repository\org\springframework\security\spring-security-web\5.1.5.RELEASE\spring-security-web-5.1.5.RELEASE.jar;d:\Users\user\.m2\repository\org\springframework\boot\spring-boot-starter-test\2.1.6.RELEASE\spring-boot-starter-test-2.1.6.RELEASE.jar;d:\Users\user\.m2\repository\org\springframework\boot\spring-boot-test\2.1.6.RELEASE\spring-boot-test-2.1.6.RELEASE.jar;d:\Users\user\.m2\repository\org\springframework\boot\spring-boot-test-autoconfigure\2.1.6.RELEASE\spring-boot-test-autoconfigure-2.1.6.RELEASE.jar;d:\Users\user\.m2\repository\com\jayway\jsonpath\json-path\2.4.0\json-path-2.4.0.jar;d:\Users\user\.m2\repository\net\minidev\json-smart\2.3\json-smart-2.3.jar;d:\Users\user\.m2\repository\net\minidev\accessors-smart\1.2\accessors-smart-1.2.jar;d:\Users\user\.m2\repository\org\ow2\asm\asm\5.0.4\asm-5.0.4.jar;d:\Users\user\.m2\repository\junit\junit\4.12\junit-4.12.jar;d:\Users\user\.m2\repository\org\assertj\assertj-core\3.11.1\assertj-core-3.11.1.jar;d:\Users\user\.m2\repository\org\mockito\mockito-core\2.23.4\mockito-core-2.23.4.jar;d:\Users\user\.m2\repository\net\bytebuddy\byte-buddy-agent\1.9.13\byte-buddy-agent-1.9.13.jar;d:\Users\user\.m2\repository\org\objenesis\objenesis\2.6\objenesis-2.6.jar;d:\Users\user\.m2\repository\org\hamcrest\hamcrest-core\1.3\hamcrest-core-1.3.jar;d:\Users\user\.m2\repository\org\hamcrest\hamcrest-library\1.3\hamcrest-library-1.3.jar;d:\Users\user\.m2\repository\org\skyscreamer\jsonassert\1.5.0\jsonassert-1.5.0.jar;d:\Users\user\.m2\repository\com\vaadin\external\google\android-json\0.0.20131108.vaadin1\android-json-0.0.20131108.vaadin1.jar;d:\Users\user\.m2\repository\org\springframework\spring-core\5.1.8.RELEASE\spring-core-5.1.8.RELEASE.jar;d:\Users\user\.m2\repository\org\springframework\spring-jcl\5.1.8.RELEASE\spring-jcl-5.1.8.RELEASE.jar;d:\Users\user\.m2\repository\org\springframework\spring-test\5.1.8.RELEASE\spring-test-5.1.8.RELEASE.jar;d:\Users\user\.m2\repository\org\xmlunit\xmlunit-core\2.6.2\xmlunit-core-2.6.2.jar;d:\Users\user\.m2\repository\org\springframework\security\spring-security-test\5.1.5.RELEASE\spring-security-test-5.1.5.RELEASE.jar;d:\Users\user\.m2\repository\org\springframework\security\spring-security-core\5.1.5.RELEASE\spring-security-core-5.1.5.RELEASE.jar;d:\Users\user\.m2\repository\org\flywaydb\flyway-core\5.2.4\flyway-core-5.2.4.jar;d:\Users\user\.m2\repository\org\springframework\session\spring-session-jdbc\2.1.7.RELEASE\spring-session-jdbc-2.1.7.RELEASE.jar;d:\Users\user\.m2\repository\org\springframework\session\spring-session-core\2.1.7.RELEASE\spring-session-core-2.1.7.RELEASE.jar;d:\Users\user\.m2\repository\org\springframework\spring-context\5.1.8.RELEASE\spring-context-5.1.8.RELEASE.jar;d:\Users\user\.m2\repository\org\springframework\spring-jdbc\5.1.8.RELEASE\spring-jdbc-5.1.8.RELEASE.jar;d:\Users\user\.m2\repository\javax\xml\bind\jaxb-api\2.3.0\jaxb-api-2.3.0.jar;d:\Users\user\.m2\repository\com\sun\xml\bind\jaxb-core\2.3.0\jaxb-core-2.3.0.jar;d:\Users\user\.m2\repository\com\sun\xml\bind\jaxb-impl\2.3.0\jaxb-impl-2.3.0.jar;d:\Users\user\.m2\repository\com\google\guava\guava\28.1-jre\guava-28.1-jre.jar;d:\Users\user\.m2\repository\com\google\guava\failureaccess\1.0.1\failureaccess-1.0.1.jar;d:\Users\user\.m2\repository\com\google\guava\listenablefuture\9999.0-empty-to-avoid-conflict-with-guava\listenablefuture-9999.0-empty-to-avoid-conflict-with-guava.jar;d:\Users\user\.m2\repository\com\google\code\findbugs\jsr305\3.0.2\jsr305-3.0.2.jar;d:\Users\user\.m2\repository\org\checkerframework\checker-qual\2.8.1\checker-qual-2.8.1.jar;d:\Users\user\.m2\repository\com\google\errorprone\error_prone_annotations\2.3.2\error_prone_annotations-2.3.2.jar;d:\Users\user\.m2\repository\com\google\j2objc\j2objc-annotations\1.3\j2objc-annotations-1.3.jar;d:\Users\user\.m2\repository\org\codehaus\mojo\animal-sniffer-annotations\1.18\animal-sniffer-annotations-1.18.jar;d:\Users\user\.m2\repository\org\springframework\amqp\spring-rabbit\2.1.6.RELEASE\spring-rabbit-2.1.6.RELEASE.jar;d:\Users\user\.m2\repository\org\springframework\amqp\spring-amqp\2.1.7.RELEASE\spring-amqp-2.1.7.RELEASE.jar;d:\Users\user\.m2\repository\org\springframework\retry\spring-retry\1.2.4.RELEASE\spring-retry-1.2.4.RELEASE.jar;d:\Users\user\.m2\repository\com\rabbitmq\amqp-client\5.4.3\amqp-client-5.4.3.jar;d:\Users\user\.m2\repository\org\springframework\spring-messaging\5.1.8.RELEASE\spring-messaging-5.1.8.RELEASE.jar;d:\Users\user\.m2\repository\org\springframework\spring-tx\5.1.8.RELEASE\spring-tx-5.1.8.RELEASE.jar;d:\Users\user\.m2\repository\log4j\log4j\1.2.17\log4j-1.2.17.jar;d:\Users\user\.m2\repository\com\fasterxml\jackson\core\jackson-databind\2.9.4\jackson-databind-2.9.4.jar;d:\Users\user\.m2\repository\com\fasterxml\jackson\core\jackson-core\2.9.4\jackson-core-2.9.4.jar;d:\Users\user\.m2\repository\com\fasterxml\jackson\core\jackson-annotations\2.9.4\jackson-annotations-2.9.4.jar;"/>
    <property name="sun.cpu.endian" value="little"/>
    <property name="user.home" value="d:\Users\user"/>
    <property name="user.language" value="ru"/>
    <property name="java.specification.vendor" value="Oracle Corporation"/>
    <property name="java.home" value="C:\Program Files\Java\jdk1.8.0_201\jre"/>
    <property name="basedir" value="D:\Users\user\IdeaProjects\WebappTest"/>
    <property name="file.separator" value="\"/>
    <property name="line.separator" value="&#10;"/>
    <property name="idea.version2019.2.4" value="true"/>
    <property name="java.vm.specification.vendor" value="Oracle Corporation"/>
    <property name="java.specification.name" value="Java Platform API Specification"/>
    <property name="java.awt.graphicsenv" value="sun.awt.Win32GraphicsEnvironment"/>
    <property name="surefire.real.class.path" value="d:\Users\user\AppData\Local\Temp\surefire6328534866856246013\surefirebooter6495858618256245549.jar"/>
    <property name="sun.boot.class.path" value="C:\Program Files\Java\jdk1.8.0_201\jre\lib\resources.jar;C:\Program Files\Java\jdk1.8.0_201\jre\lib\rt.jar;C:\Program Files\Java\jdk1.8.0_201\jre\lib\sunrsasign.jar;C:\Program Files\Java\jdk1.8.0_201\jre\lib\jsse.jar;C:\Program Files\Java\jdk1.8.0_201\jre\lib\jce.jar;C:\Program Files\Java\jdk1.8.0_201\jre\lib\charsets.jar;C:\Program Files\Java\jdk1.8.0_201\jre\lib\jfr.jar;C:\Program Files\Java\jdk1.8.0_201\jre\classes"/>
    <property name="user.script" value=""/>
    <property name="sun.management.compiler" value="HotSpot 64-Bit Tiered Compilers"/>
    <property name="java.runtime.version" value="1.8.0_201-b09"/>
    <property name="user.name" value="user"/>
    <property name="path.separator" value=";"/>
    <property name="os.version" value="10.0"/>
    <property name="java.endorsed.dirs" value="C:\Program Files\Java\jdk1.8.0_201\jre\lib\endorsed"/>
    <property name="java.runtime.name" value="Java(TM) SE Runtime Environment"/>
    <property name="file.encoding" value="Cp1251"/>
    <property name="java.vm.name" value="Java HotSpot(TM) 64-Bit Server VM"/>
    <property name="localRepository" value="d:\Users\user\.m2\repository"/>
    <property name="java.vendor.url.bug" value="http://bugreport.sun.com/bugreport/"/>
    <property name="java.io.tmpdir" value="d:\Users\user\AppData\Local\Temp\"/>
    <property name="java.version" value="1.8.0_201"/>
    <property name="user.dir" value="D:\Users\user\IdeaProjects\WebappTest"/>
    <property name="os.arch" value="amd64"/>
    <property name="java.vm.specification.name" value="Java Virtual Machine Specification"/>
    <property name="java.awt.printerjob" value="sun.awt.windows.WPrinterJob"/>
    <property name="sun.os.patch.level" value=""/>
    <property name="java.library.path" value="C:\Program Files\Java\jdk1.8.0_201\jre\bin;C:\Windows\Sun\Java\bin;C:\Windows\system32;C:\Windows;C:\Program Files\Haskell\bin;D:\Program Files\8.6.5\lib\extralibs\bin;D:\Program Files\8.6.5\bin;C:\Program Files (x86)\Common Files\Oracle\Java\javapath;C:\Python27\;C:\Python27\Scripts;C:\ProgramData\DockerDesktop\version-bin;C:\Program Files\Docker\Docker\Resources\bin;d:\Users\user\Desktop\WINDOWS.X64_180000_db_home\bin;C:\Windows\system32;C:\Windows;C:\Windows\System32\Wbem;C:\Windows\System32\WindowsPowerShell\v1.0\;C:\Windows\System32\OpenSSH\;C:\jdk-11.0.2\bin;C:\apache-maven-3.6.0\bin;C:\Git\cmd;C:\Windows\System32\ubuntu;C:\Program Files\Microsoft SQL Server\130\Tools\Binn\;D:\;C:\Program Files\dotnet\;C:\Mingw-w64\bin;C:\MinGW\bin;D:\Program Files\8.6.5\mingw\bin;d:\Users\user\AppData\Roaming\cabal\bin;d:\Users\user\AppData\Roaming\local\bin;C:\RailsInstaller\Ruby2.3.3\bin;C:\Python27;d:\Users\user\AppData\Local\Microsoft\WindowsApps;d:\Users\user\AppData\Local\Programs\Fiddler;d:\Users\user\AppData\Local\GitHubDesktop\bin;C:\Program Files\Java\jdk1.8.0_231\bin;C:\Program Files\JetBrains\PyCharm Community Edition 2019.2.2\bin;;D:\Users\user\AppData\Roaming\npm;d:\Users\user\AppData\Local\Programs\Microsoft VS Code\bin;C:\Program Files\JetBrains\IntelliJ IDEA 2019.2.4\bin;;."/>
    <property name="java.vm.info" value="mixed mode"/>
    <property name="java.vendor" value="Oracle Corporation"/>
    <property name="java.vm.version" value="25.201-b09"/>
    <property name="java.ext.dirs" value="C:\Program Files\Java\jdk1.8.0_201\jre\lib\ext;C:\Windows\Sun\Java\lib\ext"/>
    <property name="sun.io.unicode.encoding" value="UnicodeLittle"/>
    <property name="java.class.version" value="52.0"/>
  </properties>
  <testcase name="isEmailAlreadyUse" classname="com.instahipsta.webappTest.service.UserServiceTest" time="0.008">
    <failure type="java.lang.AssertionError">java.lang.AssertionError
	at com.instahipsta.webappTest.service.UserServiceTest.isEmailAlreadyUse(UserServiceTest.java:82)
</failure>
    <system-out><![CDATA[2019-11-22 22:58:44.455  INFO 11516 --- [           main] .b.t.c.SpringBootTestContextBootstrapper : Neither @ContextConfiguration nor @ContextHierarchy found for test class [com.instahipsta.webappTest.service.UserServiceTest], using SpringBootContextLoader
2019-11-22 22:58:44.455  INFO 11516 --- [           main] o.s.t.c.support.AbstractContextLoader    : Could not detect default resource locations for test class [com.instahipsta.webappTest.service.UserServiceTest]: no resource found for suffixes {-context.xml, Context.groovy}.
2019-11-22 22:58:44.456  INFO 11516 --- [           main] t.c.s.AnnotationConfigContextLoaderUtils : Could not detect default configuration classes for test class [com.instahipsta.webappTest.service.UserServiceTest]: UserServiceTest does not declare any static, non-private, non-final, nested classes annotated with @Configuration.
2019-11-22 22:58:44.457  INFO 11516 --- [           main] .b.t.c.SpringBootTestContextBootstrapper : Found @SpringBootConfiguration com.instahipsta.webappTest.Application for test class com.instahipsta.webappTest.service.UserServiceTest
2019-11-22 22:58:44.458  INFO 11516 --- [           main] .b.t.c.SpringBootTestContextBootstrapper : Loaded default TestExecutionListener class names from location [META-INF/spring.factories]: [org.springframework.boot.test.mock.mockito.MockitoTestExecutionListener, org.springframework.boot.test.mock.mockito.ResetMocksTestExecutionListener, org.springframework.boot.test.autoconfigure.restdocs.RestDocsTestExecutionListener, org.springframework.boot.test.autoconfigure.web.client.MockRestServiceServerResetTestExecutionListener, org.springframework.boot.test.autoconfigure.web.servlet.MockMvcPrintOnlyOnFailureTestExecutionListener, org.springframework.boot.test.autoconfigure.web.servlet.WebDriverTestExecutionListener, org.springframework.test.context.web.ServletTestExecutionListener, org.springframework.test.context.support.DirtiesContextBeforeModesTestExecutionListener, org.springframework.test.context.support.DependencyInjectionTestExecutionListener, org.springframework.test.context.support.DirtiesContextTestExecutionListener, org.springframework.test.context.transaction.TransactionalTestExecutionListener, org.springframework.test.context.jdbc.SqlScriptsTestExecutionListener, org.springframework.security.test.context.support.WithSecurityContextTestExecutionListener, org.springframework.security.test.context.support.ReactorContextTestExecutionListener]
2019-11-22 22:58:44.459  INFO 11516 --- [           main] .b.t.c.SpringBootTestContextBootstrapper : Using TestExecutionListeners: [org.springframework.test.context.web.ServletTestExecutionListener@11c372e9, org.springframework.test.context.support.DirtiesContextBeforeModesTestExecutionListener@4b59a1c1, org.springframework.boot.test.mock.mockito.MockitoTestExecutionListener@73418044, org.springframework.boot.test.autoconfigure.SpringBootDependencyInjectionTestExecutionListener@58ec04f4, org.springframework.test.context.support.DirtiesContextTestExecutionListener@52b2713a, org.springframework.test.context.transaction.TransactionalTestExecutionListener@54e39504, org.springframework.test.context.jdbc.SqlScriptsTestExecutionListener@2bdf6c7c, org.springframework.security.test.context.support.WithSecurityContextTestExecutionListener@13ac1657, org.springframework.security.test.context.support.ReactorContextTestExecutionListener@52d68eb9, org.springframework.boot.test.mock.mockito.ResetMocksTestExecutionListener@1a557a52, org.springframework.boot.test.autoconfigure.restdocs.RestDocsTestExecutionListener@4ab959e8, org.springframework.boot.test.autoconfigure.web.client.MockRestServiceServerResetTestExecutionListener@39d4f046, org.springframework.boot.test.autoconfigure.web.servlet.MockMvcPrintOnlyOnFailureTestExecutionListener@5f910283, org.springframework.boot.test.autoconfigure.web.servlet.WebDriverTestExecutionListener@6e2764c9]
]]></system-out>
  </testcase>
  <testcase name="changeLastName" classname="com.instahipsta.webappTest.service.UserServiceTest" time="0.141"/>
  <testcase name="changeEmail" classname="com.instahipsta.webappTest.service.UserServiceTest" time="0.149"/>
  <testcase name="changePhone" classname="com.instahipsta.webappTest.service.UserServiceTest" time="0.139"/>
  <testcase name="delete" classname="com.instahipsta.webappTest.service.UserServiceTest" time="0.149"/>
  <testcase name="activateUser" classname="com.instahipsta.webappTest.service.UserServiceTest" time="0.185"/>
  <testcase name="addUser" classname="com.instahipsta.webappTest.service.UserServiceTest" time="0.047">
    <error message="could not execute statement; SQL [n/a]; constraint [usr_pkey]; nested exception is org.hibernate.exception.ConstraintViolationException: could not execute statement" type="org.springframework.dao.DataIntegrityViolationException">org.springframework.dao.DataIntegrityViolationException: could not execute statement; SQL [n/a]; constraint [usr_pkey]; nested exception is org.hibernate.exception.ConstraintViolationException: could not execute statement
	at com.instahipsta.webappTest.service.UserServiceTest.addUser(UserServiceTest.java:215)
Caused by: org.hibernate.exception.ConstraintViolationException: could not execute statement
	at com.instahipsta.webappTest.service.UserServiceTest.addUser(UserServiceTest.java:215)
Caused by: org.postgresql.util.PSQLException: 
ERROR: duplicate key value violates unique constraint "usr_pkey"
  Подробности: Key (id)=(2) already exists.
	at com.instahipsta.webappTest.service.UserServiceTest.addUser(UserServiceTest.java:215)
</error>
    <system-out><![CDATA[2019-11-22 22:58:45.280  WARN 11516 --- [           main] o.h.engine.jdbc.spi.SqlExceptionHelper   : SQL Error: 0, SQLState: 23505
2019-11-22 22:58:45.280 ERROR 11516 --- [           main] o.h.engine.jdbc.spi.SqlExceptionHelper   : ERROR: duplicate key value violates unique constraint "usr_pkey"
  Подробности: Key (id)=(2) already exists.
2019-11-22 22:58:45.282 ERROR 11516 --- [           main] o.h.i.ExceptionMapperStandardImpl        : HHH000346: Error during managed flush [org.hibernate.exception.ConstraintViolationException: could not execute statement]
]]></system-out>
  </testcase>
  <testcase name="findAll" classname="com.instahipsta.webappTest.service.UserServiceTest" time="0.018"/>
  <testcase name="getUserListFromStringWithIdsDoesntFind" classname="com.instahipsta.webappTest.service.UserServiceTest" time="0.012"/>
  <testcase name="getUserListFromStringWithNameThreeArg" classname="com.instahipsta.webappTest.service.UserServiceTest" time="0.008"/>
  <testcase name="findByLastNameAndFirstNameDoesntFind" classname="com.instahipsta.webappTest.service.UserServiceTest" time="0.009"/>
  <testcase name="loadUserByUsername" classname="com.instahipsta.webappTest.service.UserServiceTest" time="0.012"/>
  <testcase name="changeFirstName" classname="com.instahipsta.webappTest.service.UserServiceTest" time="0.168"/>
  <testcase name="findUserById" classname="com.instahipsta.webappTest.service.UserServiceTest" time="0.021"/>
  <testcase name="getUserListFromStringWithNameOneArg" classname="com.instahipsta.webappTest.service.UserServiceTest" time="0.007"/>
  <testcase name="getUserListFromStringWithIds" classname="com.instahipsta.webappTest.service.UserServiceTest" time="0.021"/>
  <testcase name="save" classname="com.instahipsta.webappTest.service.UserServiceTest" time="0.013">
    <error message="could not execute statement; SQL [n/a]; constraint [usr_pkey]; nested exception is org.hibernate.exception.ConstraintViolationException: could not execute statement" type="org.springframework.dao.DataIntegrityViolationException">org.springframework.dao.DataIntegrityViolationException: could not execute statement; SQL [n/a]; constraint [usr_pkey]; nested exception is org.hibernate.exception.ConstraintViolationException: could not execute statement
	at com.instahipsta.webappTest.service.UserServiceTest.save(UserServiceTest.java:127)
Caused by: org.hibernate.exception.ConstraintViolationException: could not execute statement
	at com.instahipsta.webappTest.service.UserServiceTest.save(UserServiceTest.java:127)
Caused by: org.postgresql.util.PSQLException: 
ERROR: duplicate key value violates unique constraint "usr_pkey"
  Подробности: Key (id)=(2) already exists.
	at com.instahipsta.webappTest.service.UserServiceTest.save(UserServiceTest.java:127)
</error>
    <system-out><![CDATA[2019-11-22 22:58:45.580  WARN 11516 --- [           main] o.h.engine.jdbc.spi.SqlExceptionHelper   : SQL Error: 0, SQLState: 23505
2019-11-22 22:58:45.581 ERROR 11516 --- [           main] o.h.engine.jdbc.spi.SqlExceptionHelper   : ERROR: duplicate key value violates unique constraint "usr_pkey"
  Подробности: Key (id)=(2) already exists.
2019-11-22 22:58:45.581 ERROR 11516 --- [           main] o.h.i.ExceptionMapperStandardImpl        : HHH000346: Error during managed flush [org.hibernate.exception.ConstraintViolationException: could not execute statement]
]]></system-out>
  </testcase>
  <testcase name="sendMessageWithActivationCode" classname="com.instahipsta.webappTest.service.UserServiceTest" time="0.097"/>
  <testcase name="findUsersByCourseId" classname="com.instahipsta.webappTest.service.UserServiceTest" time="0.098"/>
  <testcase name="findUsersSchedule" classname="com.instahipsta.webappTest.service.UserServiceTest" time="0.161"/>
  <testcase name="findUserByIdDoesntFind" classname="com.instahipsta.webappTest.service.UserServiceTest" time="0.012"/>
  <testcase name="getUserListFromStringWithIdsWrongArg" classname="com.instahipsta.webappTest.service.UserServiceTest" time="0.008"/>
  <testcase name="scoreConverterTest" classname="com.instahipsta.webappTest.service.UserServiceTest" time="0.009"/>
  <testcase name="changeSecondName" classname="com.instahipsta.webappTest.service.UserServiceTest" time="0.15"/>
  <testcase name="isEmailAlreadyUseDoesntFind" classname="com.instahipsta.webappTest.service.UserServiceTest" time="0.011"/>
  <testcase name="changePassword" classname="com.instahipsta.webappTest.service.UserServiceTest" time="0.172"/>
  <testcase name="findByLastNameAndFirstName" classname="com.instahipsta.webappTest.service.UserServiceTest" time="0.016"/>
  <testcase name="getUserListFromStringWithName" classname="com.instahipsta.webappTest.service.UserServiceTest" time="0.011"/>
  <testcase name="averageScoreTest" classname="com.instahipsta.webappTest.service.UserServiceTest" time="0.009"/>
  <testcase name="deleteUserFromCourse" classname="com.instahipsta.webappTest.service.UserServiceTest" time="0.141"/>
</testsuite>